ScreamAndRun/Library/Bee/Android/Prj/Mono2x/Gradle/launcher/build/intermediates/manifest_merge_blame_file/release/manifest-merger-blame-release-report.txt
1<?xml version="1.0" encoding="utf-8"?>
2<manifest xmlns:android="http://schemas.android.com/apk/res/android"
3    package="com.DefaultCompany.ScreamAndRun"
4    android:installLocation="preferExternal"
5    android:versionCode="1"
6    android:versionName="0.1" >
7
8    <uses-sdk
9        android:minSdkVersion="22"
9-->src\main\AndroidManifest.xml
10        android:targetSdkVersion="30" />
10-->src\main\AndroidManifest.xml
11
12    <supports-screens
12-->src\main\AndroidManifest.xml:3:3-163
13        android:anyDensity="true"
13-->src\main\AndroidManifest.xml:3:135-160
14        android:largeScreens="true"
14-->src\main\AndroidManifest.xml:3:78-105
15        android:normalScreens="true"
15-->src\main\AndroidManifest.xml:3:49-77
16        android:smallScreens="true"
16-->src\main\AndroidManifest.xml:3:21-48
17        android:xlargeScreens="true" />
17-->src\main\AndroidManifest.xml:3:106-134
18
19    <uses-feature android:glEsVersion="0x00030000" />
19-->[:unityLibrary] AndroidManifest.xml:12:5-54
19-->[:unityLibrary] AndroidManifest.xml:12:19-51
20    <uses-feature
20-->[:unityLibrary] AndroidManifest.xml:13:5-15:36
21        android:name="android.hardware.vulkan.version"
21-->[:unityLibrary] AndroidManifest.xml:14:9-55
22        android:required="false" />
22-->[:unityLibrary] AndroidManifest.xml:15:9-33
23
24    <uses-permission android:name="android.permission.RECORD_AUDIO" />
24-->[:unityLibrary] AndroidManifest.xml:17:5-71
24-->[:unityLibrary] AndroidManifest.xml:17:22-68
25    <uses-permission android:name="android.permission.MODIFY_AUDIO_SETTINGS" />
25-->[:unityLibrary] AndroidManifest.xml:18:5-80
25-->[:unityLibrary] AndroidManifest.xml:18:22-77
26    <uses-permission android:name="android.permission.BLUETOOTH" />
26-->[:unityLibrary] AndroidManifest.xml:19:5-68
26-->[:unityLibrary] AndroidManifest.xml:19:22-65
27
28    <uses-feature
28-->[:unityLibrary] AndroidManifest.xml:21:5-23:36
29        android:name="android.hardware.microphone"
29-->[:unityLibrary] AndroidManifest.xml:22:9-51
30        android:required="false" />
30-->[:unityLibrary] AndroidManifest.xml:23:9-33
31    <uses-feature
31-->[:unityLibrary] AndroidManifest.xml:24:5-26:36
32        android:name="android.hardware.touchscreen"
32-->[:unityLibrary] AndroidManifest.xml:25:9-52
33        android:required="false" />
33-->[:unityLibrary] AndroidManifest.xml:26:9-33
34    <uses-feature
34-->[:unityLibrary] AndroidManifest.xml:27:5-29:36
35        android:name="android.hardware.touchscreen.multitouch"
35-->[:unityLibrary] AndroidManifest.xml:28:9-63
36        android:required="false" />
36-->[:unityLibrary] AndroidManifest.xml:29:9-33
37    <uses-feature
37-->[:unityLibrary] AndroidManifest.xml:30:5-32:36
38        android:name="android.hardware.touchscreen.multitouch.distinct"
38-->[:unityLibrary] AndroidManifest.xml:31:9-72
39        android:required="false" />
39-->[:unityLibrary] AndroidManifest.xml:32:9-33
40
41    <application
41-->src\main\AndroidManifest.xml:4:3-83
42        android:extractNativeLibs="true"
42-->[:unityLibrary] AndroidManifest.xml:34:18-50
43        android:icon="@mipmap/app_icon"
43-->src\main\AndroidManifest.xml:4:49-80
44        android:label="@string/app_name" >
44-->src\main\AndroidManifest.xml:4:16-48
45        <activity
45-->[:unityLibrary] AndroidManifest.xml:35:9-55:20
46            android:name="com.unity3d.player.UnityPlayerActivity"
46-->[:unityLibrary] AndroidManifest.xml:36:13-66
47            android:configChanges="mcc|mnc|locale|touchscreen|keyboard|keyboardHidden|navigation|orientation|screenLayout|uiMode|screenSize|smallestScreenSize|fontScale|layoutDirection|density"
47-->[:unityLibrary] AndroidManifest.xml:37:13-194
48            android:hardwareAccelerated="false"
48-->[:unityLibrary] AndroidManifest.xml:38:13-48
49            android:launchMode="singleTask"
49-->[:unityLibrary] AndroidManifest.xml:39:13-44
50            android:resizeableActivity="false"
50-->[:unityLibrary] AndroidManifest.xml:40:13-47
51            android:screenOrientation="fullUser"
51-->[:unityLibrary] AndroidManifest.xml:41:13-49
52            android:theme="@style/UnityThemeSelector" >
52-->[:unityLibrary] AndroidManifest.xml:42:13-54
53            <intent-filter>
53-->[:unityLibrary] AndroidManifest.xml:43:13-47:29
54                <action android:name="android.intent.action.MAIN" />
54-->[:unityLibrary] AndroidManifest.xml:44:17-69
54-->[:unityLibrary] AndroidManifest.xml:44:25-66
55
56                <category android:name="android.intent.category.LAUNCHER" />
56-->[:unityLibrary] AndroidManifest.xml:46:17-77
56-->[:unityLibrary] AndroidManifest.xml:46:27-74
57            </intent-filter>
58
59            <meta-data
59-->[:unityLibrary] AndroidManifest.xml:49:13-51:40
60                android:name="unityplayer.UnityActivity"
60-->[:unityLibrary] AndroidManifest.xml:50:17-57
61                android:value="true" />
61-->[:unityLibrary] AndroidManifest.xml:51:17-37
62            <meta-data
62-->[:unityLibrary] AndroidManifest.xml:52:13-54:40
63                android:name="android.notch_support"
63-->[:unityLibrary] AndroidManifest.xml:53:17-53
64                android:value="true" />
64-->[:unityLibrary] AndroidManifest.xml:54:17-37
65        </activity>
66
67        <meta-data
67-->[:unityLibrary] AndroidManifest.xml:57:9-59:33
68            android:name="unity.splash-mode"
68-->[:unityLibrary] AndroidManifest.xml:58:13-45
69            android:value="0" />
69-->[:unityLibrary] AndroidManifest.xml:59:13-30
70        <meta-data
70-->[:unityLibrary] AndroidManifest.xml:60:9-62:36
71            android:name="unity.splash-enable"
71-->[:unityLibrary] AndroidManifest.xml:61:13-47
72            android:value="True" />
72-->[:unityLibrary] AndroidManifest.xml:62:13-33
73        <meta-data
73-->[:unityLibrary] AndroidManifest.xml:63:9-65:36
74            android:name="unity.launch-fullscreen"
74-->[:unityLibrary] AndroidManifest.xml:64:13-51
75            android:value="True" />
75-->[:unityLibrary] AndroidManifest.xml:65:13-33
76        <meta-data
76-->[:unityLibrary] AndroidManifest.xml:66:9-68:37
77            android:name="unity.allow-resizable-window"
77-->[:unityLibrary] AndroidManifest.xml:67:13-56
78            android:value="False" />
78-->[:unityLibrary] AndroidManifest.xml:68:13-34
79        <meta-data
79-->[:unityLibrary] AndroidManifest.xml:69:9-71:50
80            android:name="notch.config"
80-->[:unityLibrary] AndroidManifest.xml:70:13-40
81            android:value="portrait|landscape" />
81-->[:unityLibrary] AndroidManifest.xml:71:13-47
82        <meta-data
82-->[:unityLibrary] AndroidManifest.xml:72:9-74:36
83            android:name="unity.auto-report-fully-drawn"
83-->[:unityLibrary] AndroidManifest.xml:73:13-57
84            android:value="true" />
84-->[:unityLibrary] AndroidManifest.xml:74:13-33
85    </application>
86
87</manifest>